[2021-11-07 11:34:43] Текст ошибки: Undefined variable $test | Файл: D:\Server538\OpenServer\domains\new-ishop.loc\public\index.php | Строка: 13
=================
[2021-11-07 11:35:31] Текст ошибки: Undefined variable $test | Файл: D:\Server538\OpenServer\domains\new-ishop.loc\public\index.php | Строка: 13
=================
[2021-11-07 11:35:49] Текст ошибки: Возникла ошибочка! | Файл: D:\Server538\OpenServer\domains\new-ishop.loc\public\index.php | Строка: 11
=================
[2021-11-07 11:39:43] Текст ошибки: Возникла ошибочка! | Файл: D:\Server538\OpenServer\domains\new-ishop.loc\public\index.php | Строка: 11
=================
[2021-11-07 13:53:27] Текст ошибки: Страница не найдена | Файл: D:\Server538\OpenServer\domains\new-ishop.loc\vendor\wfm\Router.php | Строка: 35
=================
[2021-11-07 13:59:20] Текст ошибки: Контроллер app\controllers\PageController не найден | Файл: D:\Server538\OpenServer\domains\new-ishop.loc\vendor\wfm\Router.php | Строка: 38
=================
[2021-11-07 14:01:07] Текст ошибки: Контроллер app\controllers\PageController не найден | Файл: D:\Server538\OpenServer\domains\new-ishop.loc\vendor\wfm\Router.php | Строка: 42
=================
[2021-11-07 14:01:12] Текст ошибки: Контроллер app\controllers\MainController не найден | Файл: D:\Server538\OpenServer\domains\new-ishop.loc\vendor\wfm\Router.php | Строка: 42
=================
[2021-11-07 14:01:30] Текст ошибки: Контроллер app\controllers\MainController не найден | Файл: D:\Server538\OpenServer\domains\new-ishop.loc\vendor\wfm\Router.php | Строка: 42
=================
[2021-11-07 14:01:45] Текст ошибки: Метод app\controllers\MainController::indexAction не найден | Файл: D:\Server538\OpenServer\domains\new-ishop.loc\vendor\wfm\Router.php | Строка: 39
=================
[2021-11-07 14:02:51] Текст ошибки: Контроллер app\controllers\PageController не найден | Файл: D:\Server538\OpenServer\domains\new-ishop.loc\vendor\wfm\Router.php | Строка: 42
=================
[2021-11-07 14:03:02] Текст ошибки: Метод app\controllers\PageController::viewAction не найден | Файл: D:\Server538\OpenServer\domains\new-ishop.loc\vendor\wfm\Router.php | Строка: 39
=================
[2021-11-07 14:03:34] Текст ошибки: Контроллер app\controllers\admin\MainController не найден | Файл: D:\Server538\OpenServer\domains\new-ishop.loc\vendor\wfm\Router.php | Строка: 42
=================
[2021-11-07 14:04:08] Текст ошибки: Метод app\controllers\admin\MainController::indexAction не найден | Файл: D:\Server538\OpenServer\domains\new-ishop.loc\vendor\wfm\Router.php | Строка: 39
=================
[2021-11-07 14:05:38] Текст ошибки: Страница не найдена | Файл: D:\Server538\OpenServer\domains\new-ishop.loc\vendor\wfm\Router.php | Строка: 46
=================
[2021-11-08 13:22:24] Текст ошибки: Страница не найдена | Файл: D:\Server538\OpenServer\domains\new-ishop.loc\vendor\wfm\Router.php | Строка: 46
=================
[2021-11-08 13:23:12] Текст ошибки: Страница не найдена | Файл: D:\Server538\OpenServer\domains\new-ishop.loc\vendor\wfm\Router.php | Строка: 46
=================
[2021-11-08 13:25:52] Текст ошибки: Страница не найдена | Файл: D:\Server538\OpenServer\domains\new-ishop.loc\vendor\wfm\Router.php | Строка: 46
=================
[2021-11-08 13:26:06] Текст ошибки: Страница не найдена | Файл: D:\Server538\OpenServer\domains\new-ishop.loc\vendor\wfm\Router.php | Строка: 46
=================
[2021-11-08 13:26:15] Текст ошибки: Метод app\controllers\PageController::viewsAction не найден | Файл: D:\Server538\OpenServer\domains\new-ishop.loc\vendor\wfm\Router.php | Строка: 39
=================
[2021-11-08 13:26:37] Текст ошибки: Страница не найдена | Файл: D:\Server538\OpenServer\domains\new-ishop.loc\vendor\wfm\Router.php | Строка: 46
=================
[2021-11-08 13:28:11] Текст ошибки: Страница не найдена | Файл: D:\Server538\OpenServer\domains\new-ishop.loc\vendor\wfm\Router.php | Строка: 46
=================
[2021-11-08 13:28:44] Текст ошибки: Страница не найдена | Файл: D:\Server538\OpenServer\domains\new-ishop.loc\vendor\wfm\Router.php | Строка: 46
=================
[2021-11-08 13:29:08] Текст ошибки: Страница не найдена | Файл: D:\Server538\OpenServer\domains\new-ishop.loc\vendor\wfm\Router.php | Строка: 46
=================
[2021-11-08 13:55:38] Текст ошибки: Страница не найдена | Файл: D:\Server538\OpenServer\domains\new-ishop.loc\vendor\wfm\Router.php | Строка: 62
=================
[2023-02-18 20:54:45] Текст ошибки: исключение | Файл: E:\Public\wft.com\public\index.php | Строка: 13
=================
[2023-02-18 20:55:25] Текст ошибки: исключение | Файл: E:\Public\wft.com\public\index.php | Строка: 13
=================
[2023-02-18 20:56:38] Текст ошибки: исключение | Файл: E:\Public\wft.com\public\index.php | Строка: 13
=================
[2023-02-18 20:58:30] Текст ошибки: исключение | Файл: E:\Public\wft.com\public\index.php | Строка: 13
=================
[2023-02-18 20:58:48] Текст ошибки: исключение | Файл: E:\Public\wft.com\public\index.php | Строка: 13
=================
[2023-02-18 20:58:59] Текст ошибки: исключение | Файл: E:\Public\wft.com\public\index.php | Строка: 13
=================
[2023-02-18 20:59:06] Текст ошибки: исключение | Файл: E:\Public\wft.com\public\index.php | Строка: 13
=================
[2023-02-18 20:59:44] Текст ошибки: исключение | Файл: E:\Public\wft.com\public\index.php | Строка: 13
=================
[2023-02-18 21:00:08] Текст ошибки: исключение | Файл: E:\Public\wft.com\public\index.php | Строка: 13
=================
[2023-02-18 21:01:16] Текст ошибки: исключение | Файл: E:\Public\wft.com\public\index.php | Строка: 13
=================
[2023-02-19 00:05:28] Текст ошибки: Call to undefined method app\controllers\admin\MainController::getModel() | Файл: E:\Public\wft.com\vendor\CoreAnele\Router.php | Строка: 49
======================================================================================================
[2023-02-19 00:05:58] Текст ошибки: Call to undefined method app\controllers\admin\MainController::getModel() | Файл: E:\Public\wft.com\vendor\CoreAnele\Router.php | Строка: 49
======================================================================================================
[2023-02-19 04:42:50] Текст ошибки: Не найден вил: E:\Public\wft.com/app/view/admin/Main/index.php | Файл: E:\Public\wft.com\vendor\CoreAnele\View.php | Строка: 32
======================================================================================================
[2023-02-19 04:42:55] Текст ошибки: Не найден вил: E:\Public\wft.com/app/view/Main/index.php | Файл: E:\Public\wft.com\vendor\CoreAnele\View.php | Строка: 32
======================================================================================================
[2023-02-19 04:43:43] Текст ошибки: Не найден вил: E:\Public\wft.com/app/view/Main/index.php | Файл: E:\Public\wft.com\vendor\CoreAnele\View.php | Строка: 32
======================================================================================================
[2023-02-19 04:51:21] Текст ошибки: Не найден шаблон: E:\Public\wft.com/app/views/layouts/Anele.php | Файл: E:\Public\wft.com\vendor\CoreAnele\View.php | Строка: 42
======================================================================================================
[2023-02-19 04:53:39] Текст ошибки: Не найден шаблон: E:\Public\wft.com/app/views/layouts/Anele.php | Файл: E:\Public\wft.com\vendor\CoreAnele\View.php | Строка: 42
======================================================================================================
[2023-02-19 04:56:42] Текст ошибки: Не найден шаблон: E:\Public\wft.com/app/views/layouts/Anele.php | Файл: E:\Public\wft.com\vendor\CoreAnele\View.php | Строка: 42
======================================================================================================
[2023-02-19 04:59:07] Текст ошибки: Не найден шаблон: E:\Public\wft.com/appviews/layouts/Anele.php | Файл: E:\Public\wft.com\vendor\CoreAnele\View.php | Строка: 42
======================================================================================================
[2023-02-19 04:59:14] Текст ошибки: Не найден шаблон: E:\Public\wft.com/app/views/layouts/Anele.php | Файл: E:\Public\wft.com\vendor\CoreAnele\View.php | Строка: 42
======================================================================================================
[2023-02-19 05:03:05] Текст ошибки: Не найден шаблон: E:\Public\wft.com/app/views/layouts/Anele.php | Файл: E:\Public\wft.com\vendor\CoreAnele\View.php | Строка: 42
======================================================================================================
[2023-02-19 05:09:46] Текст ошибки: syntax error, unexpected token "}" | Файл: E:\Public\wft.com\app\controllers\MainController.php | Строка: 12
======================================================================================================
[2023-02-19 06:00:23] Текст ошибки: No Connection to DB | Файл: E:\Public\wft.com\vendor\CoreAnele\Db.php | Строка: 18
======================================================================================================
[2023-02-19 06:00:44] Текст ошибки: No Connection to DB | Файл: E:\Public\wft.com\vendor\CoreAnele\Db.php | Строка: 18
======================================================================================================
[2023-02-19 06:01:08] Текст ошибки: No Connection to DB | Файл: E:\Public\wft.com\vendor\CoreAnele\Db.php | Строка: 18
======================================================================================================
[2023-02-19 06:02:44] Текст ошибки: No Connection to DB | Файл: E:\Public\wft.com\vendor\CoreAnele\Db.php | Строка: 18
======================================================================================================
[2023-02-19 06:04:09] Текст ошибки: No Connection to DB | Файл: E:\Public\wft.com\vendor\CoreAnele\Db.php | Строка: 18
======================================================================================================
[2023-02-19 06:04:43] Текст ошибки: No Connection to DB | Файл: E:\Public\wft.com\vendor\CoreAnele\Db.php | Строка: 18
======================================================================================================
[2023-02-19 06:05:43] Текст ошибки: No Connection to DB | Файл: E:\Public\wft.com\vendor\CoreAnele\Db.php | Строка: 18
======================================================================================================
[2023-02-19 06:06:45] Текст ошибки: No Connection to DB | Файл: E:\Public\wft.com\vendor\CoreAnele\Db.php | Строка: 16
======================================================================================================
[2023-02-19 06:07:12] Текст ошибки: No Connection to DB | Файл: E:\Public\wft.com\vendor\CoreAnele\Db.php | Строка: 16
======================================================================================================
[2023-02-19 06:07:54] Текст ошибки: No Connection to DB | Файл: E:\Public\wft.com\vendor\CoreAnele\Db.php | Строка: 16
======================================================================================================
[2023-02-19 06:08:24] Текст ошибки: Could not connect to database (Ishiop). | Файл: E:\Public\wft.com\vendor\gabordemooij\redbean\RedBeanPHP\Driver\RPDO.php | Строка: 473
======================================================================================================
[2023-02-19 06:10:09] Текст ошибки: No Connection to DB | Файл: E:\Public\wft.com\vendor\CoreAnele\Db.php | Строка: 16
======================================================================================================
[2023-02-19 06:11:32] Текст ошибки: No Connection to DB | Файл: E:\Public\wft.com\vendor\CoreAnele\Db.php | Строка: 16
======================================================================================================
[2023-02-19 06:12:07] Текст ошибки: No Connection to DB | Файл: E:\Public\wft.com\vendor\CoreAnele\Db.php | Строка: 16
======================================================================================================
